Build started 8/4/2020 1:07:34 AM.
     1>Project "C:\Users\Saem ju\Documents\Visual Studio 2010\Projects\Compro\homework_chapter3\homework_chapter3\homework_chapter3.vcxproj" on node 2 (build target(s)).
     1>InitializeBuildStatus:
         Creating "Debug\homework_chapter3.unsuccessfulbuild" because "AlwaysCreate" was specified.
       ClCompile:
         c:\Program Files (x86)\Microsoft Visual Studio 10.0\VC\bin\CL.exe /c /ZI /nologo /W3 /WX- /Od /Oy- /D WIN32 /D _DEBUG /D _CONSOLE /D _UNICODE /D UNICODE /Gm /EHsc /RTC1 /MDd /GS /fp:precise /Zc:wchar_t /Zc:forScope /Fo"Debug\\" /Fd"Debug\vc100.pdb" /Gd /TP /analyze- /errorReport:prompt chapter3.cpp
         chapter3.cpp
       ManifestResourceCompile:
         All outputs are up-to-date.
       Link:
         c:\Program Files (x86)\Microsoft Visual Studio 10.0\VC\bin\link.exe /ERRORREPORT:PROMPT /OUT:"C:\Users\Saem ju\Documents\Visual Studio 2010\Projects\Compro\homework_chapter3\Debug\homework_chapter3.exe" /INCREMENTAL /NOLOGO kernel32.lib user32.lib gdi32.lib winspool.lib comdlg32.lib advapi32.lib shell32.lib ole32.lib oleaut32.lib uuid.lib odbc32.lib odbccp32.lib /MANIFEST /ManifestFile:"Debug\homework_chapter3.exe.intermediate.manifest" /MANIFESTUAC:"level='asInvoker' uiAccess='false'" /DEBUG /PDB:"C:\Users\Saem ju\Documents\Visual Studio 2010\Projects\Compro\homework_chapter3\Debug\homework_chapter3.pdb" /SUBSYSTEM:CONSOLE /TLBID:1 /DYNAMICBASE /NXCOMPAT /IMPLIB:"C:\Users\Saem ju\Documents\Visual Studio 2010\Projects\Compro\homework_chapter3\Debug\homework_chapter3.lib" /MACHINE:X86 Debug\homework_chapter3.exe.embed.manifest.res
         Debug\chapter3.obj
       Manifest:
         c:\Program Files (x86)\Microsoft SDKs\Windows\v7.0A\bin\mt.exe /nologo /verbose /out:"Debug\homework_chapter3.exe.embed.manifest" /manifest Debug\homework_chapter3.exe.intermediate.manifest
         All outputs are up-to-date.
       LinkEmbedManifest:
         All outputs are up-to-date.
         homework_chapter3.vcxproj -> C:\Users\Saem ju\Documents\Visual Studio 2010\Projects\Compro\homework_chapter3\Debug\homework_chapter3.exe
       FinalizeBuildStatus:
         Deleting file "Debug\homework_chapter3.unsuccessfulbuild".
         Touching "Debug\homework_chapter3.lastbuildstate".
     1>Done Building Project "C:\Users\Saem ju\Documents\Visual Studio 2010\Projects\Compro\homework_chapter3\homework_chapter3\homework_chapter3.vcxproj" (build target(s)).

Build succeeded.

Time Elapsed 00:00:04.27
